<?xml version="1.0" encoding="UTF-8"?>
<!-- Generated by org.testng.reporters.JUnitXMLReporter -->
<testsuite ignored="0" hostname="LAPTOP-0VNVDE1H" failures="0" tests="4" name="Default test" time="8.169" errors="0" timestamp="2024-02-04T21:18:21 IST">
  <testcase classname="api.test.StoreTest" name="createstore" time="3.307"/>
  <testcase classname="api.test.StoreTest" name="GetstorebyOrderId" time="1.378"/>
  <testcase classname="api.test.StoreTest" name="getOderIdbyInventory" time="1.362"/>
  <testcase classname="api.test.StoreTest" name="deleteStorebyOrderId" time="1.315"/>
</testsuite> <!-- Default test -->
