<?xml version="1.0" encoding="UTF-8"?>
<!-- Generated by org.testng.reporters.JUnitXMLReporter -->
<testsuite ignored="0" hostname="LAPTOP-0VNVDE1H" failures="0" tests="4" name="Test" time="8.511" errors="0" timestamp="2024-01-25T19:50:43 IST">
  <testcase classname="api.test.UserTests" name="testPostUser" time="2.46"/>
  <testcase classname="api.test.UserTests" name="testGetUserByName" time="1.322"/>
  <testcase classname="api.test.UserTests" name="testUpdateUser" time="2.661"/>
  <testcase classname="api.test.UserTests" name="testDeleteUser" time="1.311"/>
</testsuite> <!-- Test -->
