<?xml version="1.0" encoding="UTF-8"?>
<!-- Generated by org.testng.reporters.JUnitXMLReporter -->
<testsuite ignored="0" hostname="LAPTOP-0VNVDE1H" failures="0" tests="10" name="Test" time="16.01" errors="0" timestamp="2024-01-28T21:40:02 IST">
  <testcase classname="api.test.UserTests" name="testPostUser" time="2.561"/>
  <testcase classname="api.test.UserTests" name="testGetUserByName" time="1.207"/>
  <testcase classname="api.test.UserTests" name="testUpdateUser" time="2.327"/>
  <testcase classname="api.test.UserTests" name="testDeleteUser" time="1.447"/>
  <testcase classname="api.test.UserTests" name="testLogin" time="1.198"/>
  <testcase classname="api.test.UserTests" name="testLogout" time="1.218"/>
  <testcase classname="api.test.PetTests" name="testCreatePet" time="1.339"/>
  <testcase classname="api.test.PetTests" name="testReadUser" time="1.319"/>
  <testcase classname="api.test.PetTests" name="testupdateUser" time="1.156"/>
  <testcase classname="api.test.PetTests" name="testdeleteUser" time="1.325"/>
</testsuite> <!-- Test -->
