<?xml version="1.0" encoding="UTF-8"?>
<!-- Generated by org.testng.reporters.JUnitXMLReporter -->
<testsuite ignored="0" hostname="LAPTOP-0VNVDE1H" failures="0" tests="16" name="Test" time="30.62" errors="0" timestamp="2024-02-05T00:15:35 IST">
  <testcase classname="api.test.UserTests" name="testPostUser" time="3.835"/>
  <testcase classname="api.test.UserTests" name="testGetUserByName" time="1.387"/>
  <testcase classname="api.test.UserTests" name="testUpdateUser" time="3.152"/>
  <testcase classname="api.test.UserTests" name="testDeleteUser" time="1.51"/>
  <testcase classname="api.test.UserTests" name="testLogin" time="1.5"/>
  <testcase classname="api.test.UserTests" name="testLogout" time="1.534"/>
  <testcase classname="api.test.UserTests" name="testCreateUserLIst" time="1.523"/>
  <testcase classname="api.test.PetTests" name="testCreatePet" time="1.356"/>
  <testcase classname="api.test.PetTests" name="testReadUser" time="1.459"/>
  <testcase classname="api.test.PetTests" name="testupdateUser" time="1.416"/>
  <testcase classname="api.test.PetTests" name="testdeleteUser" time="1.546"/>
  <testcase classname="api.test.PetTests" name="testUploadImageForPet" time="3.565"/>
  <testcase classname="api.test.StoreTest" name="createstore" time="1.335"/>
  <testcase classname="api.test.StoreTest" name="GetstorebyOrderId" time="1.405"/>
  <testcase classname="api.test.StoreTest" name="getOderIdbyInventory" time="1.378"/>
  <testcase classname="api.test.StoreTest" name="deleteStorebyOrderId" time="1.415"/>
</testsuite> <!-- Test -->
