<?xml version="1.0" encoding="UTF-8"?>
<!-- Generated by org.testng.reporters.JUnitXMLReporter -->
<testsuite ignored="0" hostname="LAPTOP-0VNVDE1H" failures="0" tests="4" name="Test" time="9.773" errors="0" timestamp="2024-01-25T21:58:32 IST">
  <testcase classname="api.test.UserTests" name="testPostUser" time="3.658"/>
  <testcase classname="api.test.UserTests" name="testGetUserByName" time="1.228"/>
  <testcase classname="api.test.UserTests" name="testUpdateUser" time="2.619"/>
  <testcase classname="api.test.UserTests" name="testDeleteUser" time="1.202"/>
</testsuite> <!-- Test -->
