<?xml version="1.0" encoding="UTF-8"?>
<testng-results ignored="0" total="16" passed="16" failed="0" skipped="0">
  <reporter-output>
  </reporter-output>
  <suite started-at="2024-02-05T00:15:04 IST" name="Suite" finished-at="2024-02-05T00:15:35 IST" duration-ms="30620">
    <groups>
    </groups>
    <test started-at="2024-02-05T00:15:04 IST" name="Test" finished-at="2024-02-05T00:15:35 IST" duration-ms="30620">
      <class name="api.test.UserTests">
        <test-method is-config="true" signature="setup()[pri:0, instance:api.test.UserTests@4b0d79fc]" started-at="2024-02-05T00:15:04 IST" name="setup" finished-at="2024-02-05T00:15:05 IST" duration-ms="802" status="PASS">
          <reporter-output>
          </reporter-output>
        </test-method> <!-- setup -->
        <test-method signature="testPostUser()[pri:1, instance:api.test.UserTests@4b0d79fc]" started-at="2024-02-05T00:15:05 IST" name="testPostUser" finished-at="2024-02-05T00:15:09 IST" duration-ms="3835" status="PASS">
          <reporter-output>
          </reporter-output>
        </test-method> <!-- testPostUser -->
        <test-method signature="testGetUserByName()[pri:2, instance:api.test.UserTests@4b0d79fc]" started-at="2024-02-05T00:15:09 IST" name="testGetUserByName" finished-at="2024-02-05T00:15:10 IST" duration-ms="1387" status="PASS">
          <reporter-output>
          </reporter-output>
        </test-method> <!-- testGetUserByName -->
        <test-method signature="testUpdateUser()[pri:3, instance:api.test.UserTests@4b0d79fc]" started-at="2024-02-05T00:15:10 IST" name="testUpdateUser" finished-at="2024-02-05T00:15:14 IST" duration-ms="3152" status="PASS">
          <reporter-output>
          </reporter-output>
        </test-method> <!-- testUpdateUser -->
        <test-method signature="testDeleteUser()[pri:4, instance:api.test.UserTests@4b0d79fc]" started-at="2024-02-05T00:15:14 IST" name="testDeleteUser" finished-at="2024-02-05T00:15:15 IST" duration-ms="1510" status="PASS">
          <reporter-output>
          </reporter-output>
        </test-method> <!-- testDeleteUser -->
        <test-method signature="testLogin()[pri:5, instance:api.test.UserTests@4b0d79fc]" started-at="2024-02-05T00:15:15 IST" name="testLogin" finished-at="2024-02-05T00:15:17 IST" duration-ms="1500" status="PASS">
          <reporter-output>
          </reporter-output>
        </test-method> <!-- testLogin -->
        <test-method signature="testLogout()[pri:6, instance:api.test.UserTests@4b0d79fc]" started-at="2024-02-05T00:15:17 IST" name="testLogout" finished-at="2024-02-05T00:15:18 IST" duration-ms="1534" status="PASS">
          <reporter-output>
          </reporter-output>
        </test-method> <!-- testLogout -->
        <test-method signature="testCreateUserLIst()[pri:7, instance:api.test.UserTests@4b0d79fc]" started-at="2024-02-05T00:15:18 IST" name="testCreateUserLIst" finished-at="2024-02-05T00:15:20 IST" duration-ms="1523" status="PASS">
          <reporter-output>
          </reporter-output>
        </test-method> <!-- testCreateUserLIst -->
      </class> <!-- api.test.UserTests -->
      <class name="api.test.PetTests">
        <test-method is-config="true" signature="setup()[pri:0, instance:api.test.PetTests@48aca48b]" started-at="2024-02-05T00:15:20 IST" name="setup" finished-at="2024-02-05T00:15:20 IST" duration-ms="83" status="PASS">
          <reporter-output>
          </reporter-output>
        </test-method> <!-- setup -->
        <test-method signature="testCreatePet()[pri:1, instance:api.test.PetTests@48aca48b]" started-at="2024-02-05T00:15:20 IST" name="testCreatePet" finished-at="2024-02-05T00:15:21 IST" duration-ms="1356" status="PASS">
          <reporter-output>
          </reporter-output>
        </test-method> <!-- testCreatePet -->
        <test-method signature="testReadUser()[pri:2, instance:api.test.PetTests@48aca48b]" started-at="2024-02-05T00:15:21 IST" name="testReadUser" finished-at="2024-02-05T00:15:23 IST" duration-ms="1459" status="PASS">
          <reporter-output>
          </reporter-output>
        </test-method> <!-- testReadUser -->
        <test-method signature="testupdateUser()[pri:3, instance:api.test.PetTests@48aca48b]" started-at="2024-02-05T00:15:23 IST" name="testupdateUser" finished-at="2024-02-05T00:15:24 IST" duration-ms="1416" status="PASS">
          <reporter-output>
          </reporter-output>
        </test-method> <!-- testupdateUser -->
        <test-method signature="testdeleteUser()[pri:4, instance:api.test.PetTests@48aca48b]" started-at="2024-02-05T00:15:24 IST" name="testdeleteUser" finished-at="2024-02-05T00:15:25 IST" duration-ms="1546" status="PASS">
          <reporter-output>
          </reporter-output>
        </test-method> <!-- testdeleteUser -->
        <test-method signature="testUploadImageForPet()[pri:5, instance:api.test.PetTests@48aca48b]" started-at="2024-02-05T00:15:25 IST" name="testUploadImageForPet" finished-at="2024-02-05T00:15:29 IST" duration-ms="3565" status="PASS">
          <reporter-output>
          </reporter-output>
        </test-method> <!-- testUploadImageForPet -->
      </class> <!-- api.test.PetTests -->
      <class name="api.test.StoreTest">
        <test-method is-config="true" signature="setup()[pri:0, instance:api.test.StoreTest@13fd2ccd]" started-at="2024-02-05T00:15:29 IST" name="setup" finished-at="2024-02-05T00:15:29 IST" duration-ms="51" status="PASS">
          <reporter-output>
          </reporter-output>
        </test-method> <!-- setup -->
        <test-method signature="createstore()[pri:1, instance:api.test.StoreTest@13fd2ccd]" started-at="2024-02-05T00:15:29 IST" name="createstore" finished-at="2024-02-05T00:15:30 IST" duration-ms="1335" status="PASS">
          <reporter-output>
          </reporter-output>
        </test-method> <!-- createstore -->
        <test-method signature="GetstorebyOrderId()[pri:2, instance:api.test.StoreTest@13fd2ccd]" started-at="2024-02-05T00:15:30 IST" name="GetstorebyOrderId" finished-at="2024-02-05T00:15:32 IST" duration-ms="1405" status="PASS">
          <reporter-output>
          </reporter-output>
        </test-method> <!-- GetstorebyOrderId -->
        <test-method signature="getOderIdbyInventory()[pri:3, instance:api.test.StoreTest@13fd2ccd]" started-at="2024-02-05T00:15:32 IST" name="getOderIdbyInventory" finished-at="2024-02-05T00:15:33 IST" duration-ms="1378" status="PASS">
          <reporter-output>
          </reporter-output>
        </test-method> <!-- getOderIdbyInventory -->
        <test-method signature="deleteStorebyOrderId()[pri:4, instance:api.test.StoreTest@13fd2ccd]" started-at="2024-02-05T00:15:33 IST" name="deleteStorebyOrderId" finished-at="2024-02-05T00:15:35 IST" duration-ms="1415" status="PASS">
          <reporter-output>
          </reporter-output>
        </test-method> <!-- deleteStorebyOrderId -->
      </class> <!-- api.test.StoreTest -->
    </test> <!-- Test -->
  </suite> <!-- Suite -->
</testng-results>
