<?xml version="1.0" encoding="UTF-8"?>
<testng-results ignored="0" total="4" passed="4" failed="0" skipped="0">
  <reporter-output>
  </reporter-output>
  <suite started-at="2024-01-25T21:58:22 IST" name="Suite" finished-at="2024-01-25T21:58:32 IST" duration-ms="9773">
    <groups>
    </groups>
    <test started-at="2024-01-25T21:58:22 IST" name="Test" finished-at="2024-01-25T21:58:32 IST" duration-ms="9773">
      <class name="api.test.UserTests">
        <test-method is-config="true" signature="setup()[pri:0, instance:api.test.UserTests@27ce24aa]" started-at="2024-01-25T21:58:22 IST" name="setup" finished-at="2024-01-25T21:58:23 IST" duration-ms="770" status="PASS">
          <reporter-output>
          </reporter-output>
        </test-method> <!-- setup -->
        <test-method signature="testPostUser()[pri:1, instance:api.test.UserTests@27ce24aa]" started-at="2024-01-25T21:58:23 IST" name="testPostUser" finished-at="2024-01-25T21:58:27 IST" duration-ms="3658" status="PASS">
          <reporter-output>
          </reporter-output>
        </test-method> <!-- testPostUser -->
        <test-method signature="testGetUserByName()[pri:2, instance:api.test.UserTests@27ce24aa]" started-at="2024-01-25T21:58:27 IST" name="testGetUserByName" finished-at="2024-01-25T21:58:28 IST" duration-ms="1228" status="PASS">
          <reporter-output>
          </reporter-output>
        </test-method> <!-- testGetUserByName -->
        <test-method signature="testUpdateUser()[pri:3, instance:api.test.UserTests@27ce24aa]" started-at="2024-01-25T21:58:28 IST" name="testUpdateUser" finished-at="2024-01-25T21:58:31 IST" duration-ms="2619" status="PASS">
          <reporter-output>
          </reporter-output>
        </test-method> <!-- testUpdateUser -->
        <test-method signature="testDeleteUser()[pri:4, instance:api.test.UserTests@27ce24aa]" started-at="2024-01-25T21:58:31 IST" name="testDeleteUser" finished-at="2024-01-25T21:58:32 IST" duration-ms="1202" status="PASS">
          <reporter-output>
          </reporter-output>
        </test-method> <!-- testDeleteUser -->
      </class> <!-- api.test.UserTests -->
    </test> <!-- Test -->
  </suite> <!-- Suite -->
</testng-results>
