<?xml version="1.0" encoding="UTF-8"?>
<testsuite xmlns:xsi="http://www.w3.org/2001/XMLSchema-instance" xsi:noNamespaceSchemaLocation="https://maven.apache.org/surefire/maven-surefire-plugin/xsd/surefire-test-report-3.0.xsd" version="3.0" name="TestSuite" time="31.908" tests="16" errors="0" skipped="0" failures="0">
  <properties>
[...]
</properties>
  <testcase name="testPostUser" classname="api.test.UserTests" time="3.86">
    <system-out><![CDATA[HTTP/1.1 200 OK
Date: Sun, 04 Feb 2024 18:45:09 GMT
Content-Type: application/json
Transfer-Encoding: chunked
Connection: keep-alive
Access-Control-Allow-Origin: *
Access-Control-Allow-Methods: GET, POST, DELETE, PUT
Access-Control-Allow-Headers: Content-Type, api_key, Authorization
Server: Jetty(9.2.9.v20150224)

{
    "code": 200,
    "type": "unknown",
    "message": "1053967012"
}
]]></system-out>
    <system-err><![CDATA[SLF4J: Failed to load class "org.slf4j.impl.StaticLoggerBinder".
SLF4J: Defaulting to no-operation (NOP) logger implementation
SLF4J: See http://www.slf4j.org/codes.html#StaticLoggerBinder for further details.
]]></system-err>
  </testcase>
  <testcase name="testGetUserByName" classname="api.test.UserTests" time="1.417">
    <system-out><![CDATA[HTTP/1.1 200 OK
Date: Sun, 04 Feb 2024 18:45:11 GMT
Content-Type: application/json
Transfer-Encoding: chunked
Connection: keep-alive
Access-Control-Allow-Origin: *
Access-Control-Allow-Methods: GET, POST, DELETE, PUT
Access-Control-Allow-Headers: Content-Type, api_key, Authorization
Server: Jetty(9.2.9.v20150224)

{
    "id": 1053967012,
    "username": "shavonda.schowalter",
    "firstName": "Luther",
    "lastName": "Weber",
    "email": "german.fahey@example.com",
    "password": "noqdrrc",
    "phone": "1-697-642-1337",
    "userStatus": 0
}
]]></system-out>
  </testcase>
  <testcase name="testUpdateUser" classname="api.test.UserTests" time="3.156">
    <system-out><![CDATA[{
    "code": 200,
    "type": "unknown",
    "message": "1053967012"
}
]]></system-out>
  </testcase>
  <testcase name="testDeleteUser" classname="api.test.UserTests" time="1.526"/>
  <testcase name="testLogin" classname="api.test.UserTests" time="1.486">
    <system-out><![CDATA[HTTP/1.1 200 OK
Date: Sun, 04 Feb 2024 18:45:17 GMT
Content-Type: application/json
Transfer-Encoding: chunked
Connection: keep-alive
Access-Control-Allow-Origin: *
Access-Control-Allow-Methods: GET, POST, DELETE, PUT
Access-Control-Allow-Headers: Content-Type, api_key, Authorization
X-Expires-After: Sun Feb 04 19:45:17 UTC 2024
X-Rate-Limit: 5000
Server: Jetty(9.2.9.v20150224)

{
    "code": 200,
    "type": "unknown",
    "message": "logged in user session:1707072317235"
}
]]></system-out>
  </testcase>
  <testcase name="testLogout" classname="api.test.UserTests" time="1.557">
    <system-out><![CDATA[HTTP/1.1 200 OK
Date: Sun, 04 Feb 2024 18:45:18 GMT
Content-Type: application/json
Transfer-Encoding: chunked
Connection: keep-alive
Access-Control-Allow-Origin: *
Access-Control-Allow-Methods: GET, POST, DELETE, PUT
Access-Control-Allow-Headers: Content-Type, api_key, Authorization
Server: Jetty(9.2.9.v20150224)

{
    "code": 200,
    "type": "unknown",
    "message": "ok"
}
]]></system-out>
  </testcase>
  <testcase name="testCreateUserLIst" classname="api.test.UserTests" time="1.526">
    <system-out><![CDATA[HTTP/1.1 200 OK
Date: Sun, 04 Feb 2024 18:45:20 GMT
Content-Type: application/json
Transfer-Encoding: chunked
Connection: keep-alive
Access-Control-Allow-Origin: *
Access-Control-Allow-Methods: GET, POST, DELETE, PUT
Access-Control-Allow-Headers: Content-Type, api_key, Authorization
Server: Jetty(9.2.9.v20150224)

{
    "code": 200,
    "type": "unknown",
    "message": "ok"
}
]]></system-out>
  </testcase>
  <testcase name="testCreatePet" classname="api.test.PetTests" time="1.381">
    <system-out><![CDATA[HTTP/1.1 200 OK
Date: Sun, 04 Feb 2024 18:45:21 GMT
Content-Type: application/json
Transfer-Encoding: chunked
Connection: keep-alive
Access-Control-Allow-Origin: *
Access-Control-Allow-Methods: GET, POST, DELETE, PUT
Access-Control-Allow-Headers: Content-Type, api_key, Authorization
Server: Jetty(9.2.9.v20150224)

{
    "id": 9968933,
    "category": {
        "id": 972,
        "name": "Alva Moen"
    },
    "name": "Ms. Shad Pfeffer",
    "tags": [
        {
            "id": 27759,
            "name": "Santina Homenick"
        }
    ],
    "status": "available"
}
]]></system-out>
  </testcase>
  <testcase name="testReadUser" classname="api.test.PetTests" time="1.453">
    <system-out><![CDATA[HTTP/1.1 200 OK
Date: Sun, 04 Feb 2024 18:45:23 GMT
Content-Type: application/json
Transfer-Encoding: chunked
Connection: keep-alive
Access-Control-Allow-Origin: *
Access-Control-Allow-Methods: GET, POST, DELETE, PUT
Access-Control-Allow-Headers: Content-Type, api_key, Authorization
Server: Jetty(9.2.9.v20150224)

{
    "id": 9968933,
    "category": {
        "id": 972,
        "name": "Alva Moen"
    },
    "name": "Ms. Shad Pfeffer",
    "tags": [
        {
            "id": 27759,
            "name": "Santina Homenick"
        }
    ],
    "status": "available"
}
]]></system-out>
  </testcase>
  <testcase name="testupdateUser" classname="api.test.PetTests" time="1.429">
    <system-out><![CDATA[HTTP/1.1 200 OK
Date: Sun, 04 Feb 2024 18:45:24 GMT
Content-Type: application/json
Transfer-Encoding: chunked
Connection: keep-alive
Access-Control-Allow-Origin: *
Access-Control-Allow-Methods: GET, POST, DELETE, PUT
Access-Control-Allow-Headers: Content-Type, api_key, Authorization
Server: Jetty(9.2.9.v20150224)

{
    "id": 9968933,
    "category": {
        "id": 972,
        "name": "Alva Moen"
    },
    "name": "Marcelina Turcotte",
    "tags": [
        {
            "id": 27759,
            "name": "Santina Homenick"
        }
    ],
    "status": "available"
}
]]></system-out>
  </testcase>
  <testcase name="testdeleteUser" classname="api.test.PetTests" time="1.612">
    <system-out><![CDATA[HTTP/1.1 200 OK
Date: Sun, 04 Feb 2024 18:45:26 GMT
Content-Type: application/json
Transfer-Encoding: chunked
Connection: keep-alive
Access-Control-Allow-Origin: *
Access-Control-Allow-Methods: GET, POST, DELETE, PUT
Access-Control-Allow-Headers: Content-Type, api_key, Authorization
Server: Jetty(9.2.9.v20150224)

{
    "code": 200,
    "type": "unknown",
    "message": "9968933"
}
]]></system-out>
  </testcase>
  <testcase name="testUploadImageForPet" classname="api.test.PetTests" time="3.522">
    <system-out><![CDATA[HTTP/1.1 200 OK
Date: Sun, 04 Feb 2024 18:45:29 GMT
Content-Type: application/json
Transfer-Encoding: chunked
Connection: keep-alive
Access-Control-Allow-Origin: *
Access-Control-Allow-Methods: GET, POST, DELETE, PUT
Access-Control-Allow-Headers: Content-Type, api_key, Authorization
Server: Jetty(9.2.9.v20150224)

{
    "code": 200,
    "type": "unknown",
    "message": "additionalMetadata: null\nFile uploaded to ./Pet.jpg, 2116915 bytes"
}
]]></system-out>
  </testcase>
  <testcase name="createstore" classname="api.test.StoreTest" time="1.353">
    <system-out><![CDATA[HTTP/1.1 200 OK
Date: Sun, 04 Feb 2024 18:45:31 GMT
Content-Type: application/json
Transfer-Encoding: chunked
Connection: keep-alive
Access-Control-Allow-Origin: *
Access-Control-Allow-Methods: GET, POST, DELETE, PUT
Access-Control-Allow-Headers: Content-Type, api_key, Authorization
Server: Jetty(9.2.9.v20150224)

{
    "id": 962090205,
    "petId": 962090205,
    "quantity": 1404437909,
    "shipDate": "2024-02-01T00:00:00.000+0000",
    "status": "placed",
    "complete": true
}
]]></system-out>
  </testcase>
  <testcase name="GetstorebyOrderId" classname="api.test.StoreTest" time="1.443">
    <system-out><![CDATA[HTTP/1.1 200 OK
Date: Sun, 04 Feb 2024 18:45:32 GMT
Content-Type: application/json
Transfer-Encoding: chunked
Connection: keep-alive
Access-Control-Allow-Origin: *
Access-Control-Allow-Methods: GET, POST, DELETE, PUT
Access-Control-Allow-Headers: Content-Type, api_key, Authorization
Server: Jetty(9.2.9.v20150224)

{
    "id": 962090205,
    "petId": 962090205,
    "quantity": 1404437909,
    "shipDate": "2024-02-01T00:00:00.000+0000",
    "status": "placed",
    "complete": true
}
]]></system-out>
  </testcase>
  <testcase name="getOderIdbyInventory" classname="api.test.StoreTest" time="1.352">
    <system-out><![CDATA[HTTP/1.1 200 OK
Date: Sun, 04 Feb 2024 18:45:33 GMT
Content-Type: application/json
Transfer-Encoding: chunked
Connection: keep-alive
Access-Control-Allow-Origin: *
Access-Control-Allow-Methods: GET, POST, DELETE, PUT
Access-Control-Allow-Headers: Content-Type, api_key, Authorization
Server: Jetty(9.2.9.v20150224)

{
    "sold": 21,
    "string": 540,
    "neww": 1,
    "pending": 16,
    "happy": 2,
    "available": 388,
    "sold, pending": 1,
    "Not Available": 1,
    "soldout": 1,
    "sol": 1,
    "Sold": 1,
    "ready": 2,
    "  not available": 1,
    "unfound": 5,
    "amir": 1,
    "new dog": 1
}
]]></system-out>
  </testcase>
  <testcase name="deleteStorebyOrderId" classname="api.test.StoreTest" time="1.488">
    <system-out><![CDATA[HTTP/1.1 200 OK
Date: Sun, 04 Feb 2024 18:45:35 GMT
Content-Type: application/json
Transfer-Encoding: chunked
Connection: keep-alive
Access-Control-Allow-Origin: *
Access-Control-Allow-Methods: GET, POST, DELETE, PUT
Access-Control-Allow-Headers: Content-Type, api_key, Authorization
Server: Jetty(9.2.9.v20150224)

{
    "id": 962090205,
    "petId": 962090205,
    "quantity": 1404437909,
    "shipDate": "2024-02-01T00:00:00.000+0000",
    "status": "placed",
    "complete": true
}
]]></system-out>
  </testcase>
</testsuite>