<?xml version="1.0" encoding="UTF-8"?>
<testng-results ignored="0" total="1" passed="1" failed="0" skipped="0">
  <reporter-output>
  </reporter-output>
  <suite started-at="2024-01-29T00:55:50 IST" name="Default suite" finished-at="2024-01-29T00:55:54 IST" duration-ms="3719">
    <groups>
    </groups>
    <test started-at="2024-01-29T00:55:50 IST" name="Default test" finished-at="2024-01-29T00:55:54 IST" duration-ms="3719">
      <class name="api.test.UserTests">
        <test-method is-config="true" signature="setup()[pri:0, instance:api.test.UserTests@f0c8a99]" started-at="2024-01-29T00:55:50 IST" name="setup" finished-at="2024-01-29T00:55:51 IST" duration-ms="756" status="PASS">
          <reporter-output>
          </reporter-output>
        </test-method> <!-- setup -->
        <test-method signature="testCreateUserLIst()[pri:7, instance:api.test.UserTests@f0c8a99]" started-at="2024-01-29T00:55:51 IST" name="testCreateUserLIst" finished-at="2024-01-29T00:55:54 IST" duration-ms="2922" status="PASS">
          <reporter-output>
          </reporter-output>
        </test-method> <!-- testCreateUserLIst -->
      </class> <!-- api.test.UserTests -->
    </test> <!-- Default test -->
  </suite> <!-- Default suite -->
</testng-results>
